2026-03-08 18:30:39: Info: Using credential store helper: C:\Program Files\MySQL\MySQL Shell 8.0\bin\mysql-secret-store-windows-credential.exe
2026-03-08 18:30:39: Info: Setting Python home to 'C:\Program Files\MySQL\MySQL Shell 8.0\lib\Python3.10'
2026-03-08 18:30:39: Info: Using credential store helper: C:\Program Files\MySQL\MySQL Shell 8.0\bin\mysql-secret-store-windows-credential.exe
2026-03-08 18:30:39: Info: Setting Python home to 'C:\Program Files\MySQL\MySQL Shell 8.0\lib\Python3.10'
2026-03-08 18:30:43: Info: Loading startup files...
2026-03-08 18:30:43: Info: Loading plugins...
2026-03-08 18:30:43: Info: Loading plugins...
2026-03-08 18:30:46: Info: Pager has been set to 'more.com'.
2026-03-08 18:30:46: Info: Pager has been set to 'more.com'.
2026-03-08 18:30:46: Warning: Using a password on the command line interface can be insecure.
2026-03-08 18:30:46: Warning: Using a password on the command line interface can be insecure.
2026-03-08 18:30:46: Info: About to connect to MySQL at: root@localhost:3306/postitulos
2026-03-08 18:30:46: Info: About to connect to MySQL at: root@localhost:3306/postitulos
2026-03-08 18:33:10: Info: Using credential store helper: C:\Program Files\MySQL\MySQL Shell 8.0\bin\mysql-secret-store-windows-credential.exe
2026-03-08 18:33:10: Info: Setting Python home to 'C:\Program Files\MySQL\MySQL Shell 8.0\lib\Python3.10'
2026-03-08 18:33:10: Info: Using credential store helper: C:\Program Files\MySQL\MySQL Shell 8.0\bin\mysql-secret-store-windows-credential.exe
2026-03-08 18:33:10: Info: Setting Python home to 'C:\Program Files\MySQL\MySQL Shell 8.0\lib\Python3.10'
2026-03-08 18:33:11: Info: Using credential store helper: C:\Program Files\MySQL\MySQL Shell 8.0\bin\mysql-secret-store-windows-credential.exe
2026-03-08 18:33:11: Info: Setting Python home to 'C:\Program Files\MySQL\MySQL Shell 8.0\lib\Python3.10'
2026-03-08 18:33:11: Info: Loading startup files...
2026-03-08 18:33:11: Info: Loading plugins...
2026-03-08 18:33:11: Info: Loading startup files...
2026-03-08 18:33:11: Info: Loading plugins...
2026-03-08 18:33:13: Info: Loading startup files...
2026-03-08 18:33:13: Info: Loading plugins...
2026-03-08 18:33:20: Info: Pager has been set to 'more.com'.
2026-03-08 18:33:20: Info: Pager has been set to 'more.com'.
2026-03-08 18:33:20: Warning: Using a password on the command line interface can be insecure.
2026-03-08 18:33:20: Info: About to connect to MySQL at: root@localhost:3306/postitulos
2026-03-08 18:33:20: Warning: Using a password on the command line interface can be insecure.
2026-03-08 18:33:20: Info: About to connect to MySQL at: root@localhost:3306/postitulos
2026-03-08 18:33:20: Info: Pager has been set to 'more.com'.
2026-03-08 18:33:20: Warning: Using a password on the command line interface can be insecure.
2026-03-08 18:33:20: Info: About to connect to MySQL at: root@localhost:3306/postitulos
2026-03-08 18:33:40: Info: Using credential store helper: C:\Program Files\MySQL\MySQL Shell 8.0\bin\mysql-secret-store-windows-credential.exe
2026-03-08 18:33:40: Info: Setting Python home to 'C:\Program Files\MySQL\MySQL Shell 8.0\lib\Python3.10'
2026-03-08 18:33:40: Info: Using credential store helper: C:\Program Files\MySQL\MySQL Shell 8.0\bin\mysql-secret-store-windows-credential.exe
2026-03-08 18:33:40: Info: Setting Python home to 'C:\Program Files\MySQL\MySQL Shell 8.0\lib\Python3.10'
2026-03-08 18:33:40: Info: Using credential store helper: C:\Program Files\MySQL\MySQL Shell 8.0\bin\mysql-secret-store-windows-credential.exe
2026-03-08 18:33:40: Info: Setting Python home to 'C:\Program Files\MySQL\MySQL Shell 8.0\lib\Python3.10'
2026-03-08 18:33:40: Info: Loading startup files...
2026-03-08 18:33:40: Info: Loading plugins...
2026-03-08 18:33:40: Info: Loading startup files...
2026-03-08 18:33:40: Info: Loading plugins...
2026-03-08 18:33:40: Info: Loading startup files...
2026-03-08 18:33:40: Info: Loading plugins...
2026-03-08 18:33:40: Info: Pager has been set to 'more.com'.
2026-03-08 18:33:40: Info: Pager has been set to 'more.com'.
2026-03-08 18:33:40: Warning: Using a password on the command line interface can be insecure.
2026-03-08 18:33:40: Info: Pager has been set to 'more.com'.
localhost:3306/postitulos
2026-03-08 18:33:40: Warning: Using a password on the command line interface can be insecure.
2026-03-08 18:33:40: Info: About to connect to MySQL at: root@localhost:3306/postitulos
2026-03-08 18:33:40: Warning: Using a password on the command line interface can be insecure.
2026-03-08 18:33:40: Info: About to connect to MySQL at: root@localhost:3306/postitulos
2026-03-08 18:38:35: Info: Using credential store helper: C:\Program Files\MySQL\MySQL Shell 8.0\bin\mysql-secret-store-windows-credential.exe
2026-03-08 18:38:35: Info: Setting Python home to 'C:\Program Files\MySQL\MySQL Shell 8.0\lib\Python3.10'
2026-03-08 18:38:35: Info: Using credential store helper: C:\Program Files\MySQL\MySQL Shell 8.0\bin\mysql-secret-store-windows-credential.exe
2026-03-08 18:38:35: Info: Setting Python home to 'C:\Program Files\MySQL\MySQL Shell 8.0\lib\Python3.10'
2026-03-08 18:38:35: Info: Loading startup files...
2026-03-08 18:38:35: Info: Loading plugins...
2026-03-08 18:38:35: Info: Loading startup files...
2026-03-08 18:38:35: Info: Loading plugins...
2026-03-08 18:38:35: Info: Pager has been set to 'more.com'.
2026-03-08 18:38:35: Info: Pager has been set to 'more.com'.
2026-03-08 18:38:35: Warning: Using a password on the command line interface can be insecure.
2026-03-08 18:38:35: Info: About to connect to MySQL at: root@localhost:3306/postitulos
2026-03-08 18:38:35: Warning: Using a password on the command line interface can be insecure.
2026-03-08 18:38:35: Info: About to connect to MySQL at: root@localhost:3306/postitulos
2026-03-08 18:38:56: Info: Using credential store helper: C:\Program Files\MySQL\MySQL Shell 8.0\bin\mysql-secret-store-windows-credential.exe
2026-03-08 18:38:56: Info: Setting Python home to 'C:\Program Files\MySQL\MySQL Shell 8.0\lib\Python3.10'
2026-03-08 18:38:56: Info: Loading startup files...
2026-03-08 18:38:56: Info: Loading plugins...
2026-03-08 18:38:57: Info: Pager has been set to 'more.com'.
2026-03-08 18:38:57: Warning: Using a password on the command line interface can be insecure.
2026-03-08 18:38:57: Info: About to connect to MySQL at: root@localhost:3306/postitulos
2026-03-08 18:41:20: Info: Using credential store helper: C:\Program Files\MySQL\MySQL Shell 8.0\bin\mysql-secret-store-windows-credential.exe
2026-03-08 18:41:20: Info: Using credential store helper: C:\Program Files\MySQL\MySQL Shell 8.0\bin\mysql-secret-store-windows-credential.exe
2026-03-08 18:41:20: Info: Setting Python home to 'C:\Program Files\MySQL\MySQL Shell 8.0\lib\Python3.10'
2026-03-08 18:41:20: Info: Setting Python home to 'C:\Program Files\MySQL\MySQL Shell 8.0\lib\Python3.10'
2026-03-08 18:41:20: Info: Loading startup files...
2026-03-08 18:41:20: Info: Loading plugins...
2026-03-08 18:41:20: Info: Loading plugins...
2026-03-08 18:41:20: Info: Pager has been set to 'more.com'.
2026-03-08 18:41:20: Info: Pager has been set to 'more.com'.
2026-03-08 18:41:20: Warning: Using a password on the command line interface can be insecure.
2026-03-08 18:41:20: Info: About to connect to MySQL at: root@localhost:3306/postitulos
2026-03-08 18:41:20: Warning: Using a password on the command line interface can be insecure.
2026-03-08 18:41:20: Info: About to connect to MySQL at: root@localhost:3306/postitulos
2026-03-08 18:41:24: Info: Using credential store helper: C:\Program Files\MySQL\MySQL Shell 8.0\bin\mysql-secret-store-windows-credential.exe
2026-03-08 18:41:24: Info: Setting Python home to 'C:\Program Files\MySQL\MySQL Shell 8.0\lib\Python3.10'
2026-03-08 18:41:24: Info: Loading startup files...
2026-03-08 18:41:24: Info: Loading plugins...
2026-03-08 18:41:24: Info: Pager has been set to 'more.com'.
2026-03-08 18:41:24: Warning: Using a password on the command line interface can be insecure.
2026-03-08 18:41:24: Info: About to connect to MySQL at: root@localhost:3306/postitulos
2026-03-08 18:41:37: Info: Using credential store helper: C:\Program Files\MySQL\MySQL Shell 8.0\bin\mysql-secret-store-windows-credential.exe
2026-03-08 18:41:37: Info: Setting Python home to 'C:\Program Files\MySQL\MySQL Shell 8.0\lib\Python3.10'
2026-03-08 18:41:37: Info: Using credential store helper: C:\Program Files\MySQL\MySQL Shell 8.0\bin\mysql-secret-store-windows-credential.exe
2026-03-08 18:41:37: Info: Setting Python home to 'C:\Program Files\MySQL\MySQL Shell 8.0\lib\Python3.10'
2026-03-08 18:41:37: Info: Loading startup files...
2026-03-08 18:41:37: Info: Loading startup files...
2026-03-08 18:41:37: Info: Loading plugins...
2026-03-08 18:41:37: Info: Loading plugins...
2026-03-08 18:41:38: Info: Pager has been set to 'more.com'.
2026-03-08 18:41:38: Warning: Using a password on the command line interface can be insecure.
2026-03-08 18:41:38: Info: About to connect to MySQL at: root@localhost:3306/postitulos
2026-03-08 18:41:38: Info: Pager has been set to 'more.com'.
2026-03-08 18:41:38: Warning: Using a password on the command line interface can be insecure.
2026-03-08 18:41:38: Info: About to connect to MySQL at: root@localhost:3306/postitulos
2026-03-08 18:42:01: Info: Using credential store helper: C:\Program Files\MySQL\MySQL Shell 8.0\bin\mysql-secret-store-windows-credential.exe
2026-03-08 18:42:01: Info: Setting Python home to 'C:\Program Files\MySQL\MySQL Shell 8.0\lib\Python3.10'
2026-03-08 18:42:02: Info: Using credential store helper: C:\Program Files\MySQL\MySQL Shell 8.0\bin\mysql-secret-store-windows-credential.exe
2026-03-08 18:42:02: Info: Setting Python home to 'C:\Program Files\MySQL\MySQL Shell 8.0\lib\Python3.10'
2026-03-08 18:42:02: Info: Loading startup files...
2026-03-08 18:42:02: Info: Loading plugins...
2026-03-08 18:42:02: Info: Loading startup files...
2026-03-08 18:42:02: Info: Loading plugins...
2026-03-08 18:42:02: Info: Pager has been set to 'more.com'.
2026-03-08 18:42:02: Warning: Using a password on the command line interface can be insecure.
2026-03-08 18:42:02: Info: About to connect to MySQL at: root@localhost:3306/postitulos
2026-03-08 18:42:02: Info: Pager has been set to 'more.com'.
2026-03-08 18:42:02: Warning: Using a password on the command line interface can be insecure.
2026-03-08 18:42:02: Info: About to connect to MySQL at: root@localhost:3306/postitulos
2026-03-08 18:43:31: Info: Using credential store helper: C:\Program Files\MySQL\MySQL Shell 8.0\bin\mysql-secret-store-windows-credential.exe
2026-03-08 18:43:31: Info: Setting Python home to 'C:\Program Files\MySQL\MySQL Shell 8.0\lib\Python3.10'
2026-03-08 18:43:32: Info: Loading startup files...
2026-03-08 18:43:32: Info: Loading plugins...
2026-03-08 18:43:32: Info: Pager has been set to 'more.com'.
2026-03-08 18:43:32: Warning: Using a password on the command line interface can be insecure.
2026-03-08 18:43:32: Info: About to connect to MySQL at: root@localhost:3306/postitulos
2026-03-08 18:48:28: Info: Using credential store helper: C:\Program Files\MySQL\MySQL Shell 8.0\bin\mysql-secret-store-windows-credential.exe
2026-03-08 18:48:28: Info: Setting Python home to 'C:\Program Files\MySQL\MySQL Shell 8.0\lib\Python3.10'
2026-03-08 18:48:28: Info: Loading startup files...
2026-03-08 18:48:28: Info: Loading startup files...
2026-03-08 18:48:28: Info: Loading startup files...
2026-03-08 18:48:28: Info: Loading plugins...
2026-03-08 18:48:28: Info: Loading plugins...
2026-03-08 18:48:28: Info: Pager has been set to 'more.com'.
2026-03-08 18:48:28: Info: Pager has been set to 'more.com'.
2026-03-08 18:48:28: Info: Pager has been set to 'more.com'.
2026-03-08 18:48:28: Warning: Using a password on the command line interface can be insecure.
2026-03-08 18:48:28: Info: About to connect to MySQL at: root@localhost:3306/postitulos
2026-03-08 18:48:28: Warning: Using a password on the command line interface can be insecure.
2026-03-08 18:48:28: Info: About to connect to MySQL at: root@localhost:3306/postitulos
2026-03-08 18:48:28: Warning: Using a password on the command line interface can be insecure.
2026-03-08 18:48:28: Info: About to connect to MySQL at: root@localhost:3306/postitulos
2026-03-08 18:48:57: Info: Using credential store helper: C:\Program Files\MySQL\MySQL Shell 8.0\bin\mysql-secret-store-windows-credential.exe
2026-03-08 18:48:57: Info: Setting Python home to 'C:\Program Files\MySQL\MySQL Shell 8.0\lib\Python3.10'
2026-03-08 18:48:57: Info: Using credential store helper: C:\Program Files\MySQL\MySQL Shell 8.0\bin\mysql-secret-store-windows-credential.exe
2026-03-08 18:48:57: Info: Setting Python home to 'C:\Program Files\MySQL\MySQL Shell 8.0\lib\Python3.10'
2026-03-08 18:48:57: Info: Using credential store helper: C:\Program Files\MySQL\MySQL Shell 8.0\bin\mysql-secret-store-windows-credential.exe
2026-03-08 18:48:57: Info: Setting Python home to 'C:\Program Files\MySQL\MySQL Shell 8.0\lib\Python3.10'
2026-03-08 18:48:57: Info: Loading startup files...
2026-03-08 18:48:57: Info: Loading plugins...
2026-03-08 18:48:57: Info: Loading startup files...
2026-03-08 18:48:57: Info: Loading plugins...
2026-03-08 18:48:57: Info: Loading startup files...
2026-03-08 18:48:57: Info: Loading plugins...
2026-03-08 18:48:57: Info: Pager has been set to 'more.com'.
2026-03-08 18:48:57: Info: Pager has been set to 'more.com'.
2026-03-08 18:48:57: Info: Pager has been set to 'more.com'.
2026-03-08 18:48:57: Warning: Using a password on the command line interface can be insecure.
2026-03-08 18:48:57: Info: About to connect to MySQL at: root@localhost:3306/postitulos
2026-03-08 18:48:58: Warning: Using a password on the command line interface can be insecure.
2026-03-08 18:48:58: Info: About to connect to MySQL at: root@localhost:3306/postitulos
2026-03-08 18:48:58: Warning: Using a password on the command line interface can be insecure.
2026-03-08 18:48:58: Info: About to connect to MySQL at: root@localhost:3306/postitulos
2026-03-08 18:49:12: Info: Using credential store helper: C:\Program Files\MySQL\MySQL Shell 8.0\bin\mysql-secret-store-windows-credential.exe
2026-03-08 18:49:12: Info: Setting Python home to 'C:\Program Files\MySQL\MySQL Shell 8.0\lib\Python3.10'
2026-03-08 18:49:12: Info: Using credential store helper: C:\Program Files\MySQL\MySQL Shell 8.0\bin\mysql-secret-store-windows-credential.exe
2026-03-08 18:49:12: Info: Setting Python home to 'C:\Program Files\MySQL\MySQL Shell 8.0\lib\Python3.10'
2026-03-08 18:49:12: Info: Loading startup files...
2026-03-08 18:49:12: Info: Loading plugins...
2026-03-08 18:49:12: Info: Loading startup files...
2026-03-08 18:49:12: Info: Loading plugins...
2026-03-08 18:49:12: Info: Pager has been set to 'more.com'.
2026-03-08 18:49:12: Warning: Using a password on the command line interface can be insecure.
2026-03-08 18:49:12: Info: About to connect to MySQL at: root@localhost:3306/postitulos
2026-03-08 18:49:12: Info: Pager has been set to 'more.com'.
2026-03-08 18:49:12: Warning: Using a password on the command line interface can be insecure.
2026-03-08 18:49:12: Info: About to connect to MySQL at: root@localhost:3306/postitulos
2026-03-08 18:51:15: Info: Using credential store helper: C:\Program Files\MySQL\MySQL Shell 8.0\bin\mysql-secret-store-windows-credential.exe
2026-03-08 18:51:15: Info: Setting Python home to 'C:\Program Files\MySQL\MySQL Shell 8.0\lib\Python3.10'
2026-03-08 18:51:15: Info: Using credential store helper: C:\Program Files\MySQL\MySQL Shell 8.0\bin\mysql-secret-store-windows-credential.exe
2026-03-08 18:51:15: Info: Setting Python home to 'C:\Program Files\MySQL\MySQL Shell 8.0\lib\Python3.10'
2026-03-08 18:51:16: Info: Loading startup files...
2026-03-08 18:51:16: Info: Loading plugins...
2026-03-08 18:51:16: Info: Loading startup files...
2026-03-08 18:51:16: Info: Loading plugins...
2026-03-08 18:51:16: Info: Using credential store helper: C:\Program Files\MySQL\MySQL Shell 8.0\bin\mysql-secret-store-windows-credential.exe
2026-03-08 18:51:16: Info: Setting Python home to 'C:\Program Files\MySQL\MySQL Shell 8.0\lib\Python3.10'
2026-03-08 18:51:16: Info: Loading startup files...
2026-03-08 18:51:16: Info: Loading plugins...
2026-03-08 18:51:16: Info: Pager has been set to 'more.com'.
2026-03-08 18:51:16: Info: Pager has been set to 'more.com'.
2026-03-08 18:51:16: Warning: Using a password on the command line interface can be insecure.
2026-03-08 18:51:16: Info: About to connect to MySQL at: root@localhost:3306/postitulos
2026-03-08 18:51:16: Warning: Using a password on the command line interface can be insecure.
2026-03-08 18:51:16: Info: About to connect to MySQL at: root@localhost:3306/postitulos
2026-03-08 18:51:17: Info: Pager has been set to 'more.com'.
2026-03-08 18:51:17: Warning: Using a password on the command line interface can be insecure.
2026-03-08 18:51:17: Info: About to connect to MySQL at: root@localhost:3306/postitulos
2026-03-08 18:51:38: Info: Using credential store helper: C:\Program Files\MySQL\MySQL Shell 8.0\bin\mysql-secret-store-windows-credential.exe
2026-03-08 18:51:38: Info: Setting Python home to 'C:\Program Files\MySQL\MySQL Shell 8.0\lib\Python3.10'
2026-03-08 18:51:38: Info: Loading startup files...
2026-03-08 18:51:38: Info: Loading plugins...
2026-03-08 18:51:39: Info: Pager has been set to 'more.com'.
2026-03-08 18:51:39: Warning: Using a password on the command line interface can be insecure.
2026-03-08 18:51:39: Info: About to connect to MySQL at: root@localhost:3306/postitulos
2026-03-08 18:52:12: Info: Using credential store helper: C:\Program Files\MySQL\MySQL Shell 8.0\bin\mysql-secret-store-windows-credential.exe
2026-03-08 18:52:12: Info: Setting Python home to 'C:\Program Files\MySQL\MySQL Shell 8.0\lib\Python3.10'
2026-03-08 18:52:12: Info: Loading startup files...
2026-03-08 18:52:12: Info: Loading plugins...
2026-03-08 18:52:12: Info: Using credential store helper: C:\Program Files\MySQL\MySQL Shell 8.0\bin\mysql-secret-store-windows-credential.exe
2026-03-08 18:52:12: Info: Setting Python home to 'C:\Program Files\MySQL\MySQL Shell 8.0\lib\Python3.10'
2026-03-08 18:52:13: Info: Loading startup files...
2026-03-08 18:52:13: Info: Loading plugins...
2026-03-08 18:52:13: Info: Pager has been set to 'more.com'.
2026-03-08 18:52:13: Warning: Using a password on the command line interface can be insecure.
2026-03-08 18:52:13: Info: About to connect to MySQL at: root@localhost:3306/postitulos
2026-03-08 18:52:13: Info: Pager has been set to 'more.com'.
2026-03-08 18:52:13: Warning: Using a password on the command line interface can be insecure.
2026-03-08 18:52:13: Info: About to connect to MySQL at: root@localhost:3306/postitulos
2026-03-08 18:52:14: Info: Using credential store helper: C:\Program Files\MySQL\MySQL Shell 8.0\bin\mysql-secret-store-windows-credential.exe
2026-03-08 18:52:14: Info: Setting Python home to 'C:\Program Files\MySQL\MySQL Shell 8.0\lib\Python3.10'
2026-03-08 18:52:14: Info: Loading startup files...
2026-03-08 18:52:14: Info: Loading plugins...
2026-03-08 18:52:14: Info: Pager has been set to 'more.com'.
2026-03-08 18:52:14: Warning: Using a password on the command line interface can be insecure.
2026-03-08 18:52:14: Info: About to connect to MySQL at: root@localhost:3306/postitulos
2026-03-08 18:55:22: Info: Using credential store helper: C:\Program Files\MySQL\MySQL Shell 8.0\bin\mysql-secret-store-windows-credential.exe
2026-03-08 18:55:22: Info: Setting Python home to 'C:\Program Files\MySQL\MySQL Shell 8.0\lib\Python3.10'
2026-03-08 18:55:22: Info: Using credential store helper: C:\Program Files\MySQL\MySQL Shell 8.0\bin\mysql-secret-store-windows-credential.exe
2026-03-08 18:55:22: Info: Setting Python home to 'C:\Program Files\MySQL\MySQL Shell 8.0\lib\Python3.10'
2026-03-08 18:55:22: Info: Using credential store helper: C:\Program Files\MySQL\MySQL Shell 8.0\bin\mysql-secret-store-windows-credential.exe
2026-03-08 18:55:22: Info: Setting Python home to 'C:\Program Files\MySQL\MySQL Shell 8.0\lib\Python3.10'
2026-03-08 18:55:22: Info: Loading startup files...
2026-03-08 18:55:22: Info: Loading plugins...
2026-03-08 18:55:22: Info: Loading startup files...
2026-03-08 18:55:22: Info: Loading plugins...
2026-03-08 18:55:22: Info: Loading startup files...
2026-03-08 18:55:22: Info: Loading plugins...
2026-03-08 18:55:22: Info: Pager has been set to 'more.com'.
2026-03-08 18:55:22: Info: Pager has been set to 'more.com'.
2026-03-08 18:55:22: Warning: Using a password on the command line interface can be insecure.
2026-03-08 18:55:22: Info: About to connect to MySQL at: root@localhost:3306/postitulos
2026-03-08 18:55:22: Warning: Using a password on the command line interface can be insecure.
2026-03-08 18:55:22: Info: About to connect to MySQL at: root@localhost:3306/postitulos
2026-03-08 18:55:22: Info: Pager has been set to 'more.com'.
2026-03-08 18:55:22: Warning: Using a password on the command line interface can be insecure.
2026-03-08 18:55:22: Info: About to connect to MySQL at: root@localhost:3306/postitulos
2026-03-08 18:55:40: Info: Using credential store helper: C:\Program Files\MySQL\MySQL Shell 8.0\bin\mysql-secret-store-windows-credential.exe
2026-03-08 18:55:40: Info: Setting Python home to 'C:\Program Files\MySQL\MySQL Shell 8.0\lib\Python3.10'
2026-03-08 18:55:40: Info: Using credential store helper: C:\Program Files\MySQL\MySQL Shell 8.0\bin\mysql-secret-store-windows-credential.exe
2026-03-08 18:55:40: Info: Setting Python home to 'C:\Program Files\MySQL\MySQL Shell 8.0\lib\Python3.10'
2026-03-08 18:55:40: Info: Loading startup files...
2026-03-08 18:55:40: Info: Loading plugins...
2026-03-08 18:55:40: Info: Loading startup files...
2026-03-08 18:55:40: Info: Loading plugins...
2026-03-08 18:55:41: Info: Pager has been set to 'more.com'.
2026-03-08 18:55:41: Warning: Using a password on the command line interface can be insecure.
2026-03-08 18:55:41: Info: About to connect to MySQL at: root@localhost:3306/postitulos
2026-03-08 18:55:41: Warning: Using a password on the command line interface can be insecure.
2026-03-08 18:55:41: Info: About to connect to MySQL at: root@localhost:3306/postitulos
2026-03-08 18:57:51: Info: Using credential store helper: C:\Program Files\MySQL\MySQL Shell 8.0\bin\mysql-secret-store-windows-credential.exe
2026-03-08 18:57:51: Info: Setting Python home to 'C:\Program Files\MySQL\MySQL Shell 8.0\lib\Python3.10'
2026-03-08 18:57:51: Info: Using credential store helper: C:\Program Files\MySQL\MySQL Shell 8.0\bin\mysql-secret-store-windows-credential.exe
2026-03-08 18:57:51: Info: Setting Python home to 'C:\Program Files\MySQL\MySQL Shell 8.0\lib\Python3.10'
2026-03-08 18:57:51: Info: Loading startup files...
2026-03-08 18:57:51: Info: Loading plugins...
2026-03-08 18:57:51: Info: Loading startup files...
2026-03-08 18:57:51: Info: Loading plugins...
2026-03-08 18:57:51: Info: Using credential store helper: C:\Program Files\MySQL\MySQL Shell 8.0\bin\mysql-secret-store-windows-credential.exe
2026-03-08 18:57:51: Info: Setting Python home to 'C:\Program Files\MySQL\MySQL Shell 8.0\lib\Python3.10'
2026-03-08 18:57:51: Info: Loading startup files...
2026-03-08 18:57:51: Info: Loading plugins...
2026-03-08 18:57:52: Info: Pager has been set to 'more.com'.
2026-03-08 18:57:53: Warning: Using a password on the command line interface can be insecure.
2026-03-08 18:57:53: Info: About to connect to MySQL at: root@localhost:3306/postitulos
2026-03-08 18:57:53: Info: Pager has been set to 'more.com'.
2026-03-08 18:57:54: Warning: Using a password on the command line interface can be insecure.
2026-03-08 18:57:54: Info: About to connect to MySQL at: root@localhost:3306/postitulos
2026-03-08 18:57:54: Info: Pager has been set to 'more.com'.
2026-03-08 18:57:55: Warning: Using a password on the command line interface can be insecure.
2026-03-08 18:57:55: Info: About to connect to MySQL at: root@localhost:3306/postitulos
2026-03-08 18:58:40: Info: Using credential store helper: C:\Program Files\MySQL\MySQL Shell 8.0\bin\mysql-secret-store-windows-credential.exe
2026-03-08 18:58:40: Info: Setting Python home to 'C:\Program Files\MySQL\MySQL Shell 8.0\lib\Python3.10'
2026-03-08 18:58:40: Info: Loading startup files...
2026-03-08 18:58:40: Info: Loading plugins...
2026-03-08 18:58:40: Info: Using credential store helper: C:\Program Files\MySQL\MySQL Shell 8.0\bin\mysql-secret-store-windows-credential.exe
2026-03-08 18:58:40: Info: Setting Python home to 'C:\Program Files\MySQL\MySQL Shell 8.0\lib\Python3.10'
2026-03-08 18:58:41: Info: Pager has been set to 'more.com'.
2026-03-08 18:58:41: Info: Loading startup files...
2026-03-08 18:58:41: Info: Loading plugins...
2026-03-08 18:58:41: Warning: Using a password on the command line interface can be insecure.
2026-03-08 18:58:41: Info: About to connect to MySQL at: root@localhost:3306/postitulos
2026-03-08 18:58:41: Info: Using credential store helper: C:\Program Files\MySQL\MySQL Shell 8.0\bin\mysql-secret-store-windows-credential.exe
2026-03-08 18:58:41: Info: Setting Python home to 'C:\Program Files\MySQL\MySQL Shell 8.0\lib\Python3.10'
2026-03-08 18:58:41: Info: Loading startup files...
2026-03-08 18:58:41: Info: Loading plugins...
2026-03-08 18:58:41: Info: Pager has been set to 'more.com'.
2026-03-08 18:58:41: Warning: Using a password on the command line interface can be insecure.
2026-03-08 18:58:41: Info: About to connect to MySQL at: root@localhost:3306/postitulos
2026-03-08 18:58:42: Info: Pager has been set to 'more.com'.
2026-03-08 18:58:42: Warning: Using a password on the command line interface can be insecure.
2026-03-08 18:58:42: Info: About to connect to MySQL at: root@localhost:3306/postitulos
2026-03-08 19:00:58: Info: Using credential store helper: C:\Program Files\MySQL\MySQL Shell 8.0\bin\mysql-secret-store-windows-credential.exe
2026-03-08 19:00:58: Info: Setting Python home to 'C:\Program Files\MySQL\MySQL Shell 8.0\lib\Python3.10'
2026-03-08 19:00:58: Info: Using credential store helper: C:\Program Files\MySQL\MySQL Shell 8.0\bin\mysql-secret-store-windows-credential.exe
2026-03-08 19:00:58: Info: Setting Python home to 'C:\Program Files\MySQL\MySQL Shell 8.0\lib\Python3.10'
2026-03-08 19:00:58: Info: Using credential store helper: C:\Program Files\MySQL\MySQL Shell 8.0\bin\mysql-secret-store-windows-credential.exe
2026-03-08 19:00:58: Info: Setting Python home to 'C:\Program Files\MySQL\MySQL Shell 8.0\lib\Python3.10'
2026-03-08 19:00:58: Info: Loading startup files...
2026-03-08 19:00:58: Info: Loading plugins...
2026-03-08 19:00:58: Info: Loading startup files...
2026-03-08 19:00:59: Info: Loading plugins...
2026-03-08 19:00:59: Info: Loading startup files...
2026-03-08 19:00:59: Info: Loading plugins...
2026-03-08 19:00:59: Info: Pager has been set to 'more.com'.
2026-03-08 19:00:59: Info: Pager has been set to 'more.com'.
2026-03-08 19:00:59: Warning: Using a password on the command line interface can be insecure.
2026-03-08 19:00:59: Info: About to connect to MySQL at: root@localhost:3306/postitulos
2026-03-08 19:00:59: Warning: Using a password on the command line interface can be insecure.
2026-03-08 19:00:59: Info: About to connect to MySQL at: root@localhost:3306/postitulos
2026-03-08 19:00:59: Info: Pager has been set to 'more.com'.
2026-03-08 19:00:59: Warning: Using a password on the command line interface can be insecure.
2026-03-08 19:00:59: Info: About to connect to MySQL at: root@localhost:3306/postitulos
2026-03-08 19:01:00: Info: Using credential store helper: C:\Program Files\MySQL\MySQL Shell 8.0\bin\mysql-secret-store-windows-credential.exe
2026-03-08 19:01:00: Info: Setting Python home to 'C:\Program Files\MySQL\MySQL Shell 8.0\lib\Python3.10'
2026-03-08 19:01:00: Info: Loading startup files...
2026-03-08 19:01:00: Info: Loading plugins...
2026-03-08 19:01:01: Info: Pager has been set to 'more.com'.
2026-03-08 19:01:01: Warning: Using a password on the command line interface can be insecure.
2026-03-08 19:01:01: Info: About to connect to MySQL at: root@localhost:3306/postitulos
2026-03-08 19:01:01: Info: Using credential store helper: C:\Program Files\MySQL\MySQL Shell 8.0\bin\mysql-secret-store-windows-credential.exe
2026-03-08 19:01:01: Info: Setting Python home to 'C:\Program Files\MySQL\MySQL Shell 8.0\lib\Python3.10'
2026-03-08 19:01:01: Info: Loading startup files...
2026-03-08 19:01:01: Info: Loading plugins...
2026-03-08 19:01:02: Info: Pager has been set to 'more.com'.
2026-03-08 19:01:02: Warning: Using a password on the command line interface can be insecure.
2026-03-08 19:01:02: Info: About to connect to MySQL at: root@localhost:3306/postitulos
2026-03-08 19:01:02: Info: Using credential store helper: C:\Program Files\MySQL\MySQL Shell 8.0\bin\mysql-secret-store-windows-credential.exe
2026-03-08 19:01:02: Info: Setting Python home to 'C:\Program Files\MySQL\MySQL Shell 8.0\lib\Python3.10'
2026-03-08 19:01:03: Info: Loading startup files...
2026-03-08 19:01:03: Info: Loading plugins...
2026-03-08 19:01:05: Info: Pager has been set to 'more.com'.
2026-03-08 19:01:05: Warning: Using a password on the command line interface can be insecure.
2026-03-08 19:01:05: Info: About to connect to MySQL at: root@localhost:3306/postitulos
2026-03-08 19:02:11: Info: Using credential store helper: C:\Program Files\MySQL\MySQL Shell 8.0\bin\mysql-secret-store-windows-credential.exe
2026-03-08 19:02:11: Info: Setting Python home to 'C:\Program Files\MySQL\MySQL Shell 8.0\lib\Python3.10'
2026-03-08 19:02:11: Info: Loading startup files...
2026-03-08 19:02:11: Info: Loading plugins...
2026-03-08 19:02:12: Info: Pager has been set to 'more.com'.
2026-03-08 19:02:12: Warning: Using a password on the command line interface can be insecure.
2026-03-08 19:02:12: Info: About to connect to MySQL at: root@localhost:3306/postitulos
2026-03-08 19:02:50: Info: Using credential store helper: C:\Program Files\MySQL\MySQL Shell 8.0\bin\mysql-secret-store-windows-credential.exe
2026-03-08 19:02:50: Info: Setting Python home to 'C:\Program Files\MySQL\MySQL Shell 8.0\lib\Python3.10'
2026-03-08 19:02:50: Info: Using credential store helper: C:\Program Files\MySQL\MySQL Shell 8.0\bin\mysql-secret-store-windows-credential.exe
2026-03-08 19:02:50: Info: Setting Python home to 'C:\Program Files\MySQL\MySQL Shell 8.0\lib\Python3.10'
2026-03-08 19:02:50: Info: Loading startup files...
2026-03-08 19:02:50: Info: Loading plugins...
2026-03-08 19:02:50: Info: Loading startup files...
2026-03-08 19:02:50: Info: Loading plugins...
2026-03-08 19:02:50: Info: Using credential store helper: C:\Program Files\MySQL\MySQL Shell 8.0\bin\mysql-secret-store-windows-credential.exe
2026-03-08 19:02:50: Info: Setting Python home to 'C:\Program Files\MySQL\MySQL Shell 8.0\lib\Python3.10'
2026-03-08 19:02:50: Info: Loading startup files...
2026-03-08 19:02:50: Info: Loading plugins...
2026-03-08 19:02:50: Info: Using credential store helper: C:\Program Files\MySQL\MySQL Shell 8.0\bin\mysql-secret-store-windows-credential.exe
2026-03-08 19:02:50: Info: Setting Python home to 'C:\Program Files\MySQL\MySQL Shell 8.0\lib\Python3.10'
2026-03-08 19:02:50: Info: Loading startup files...
2026-03-08 19:02:50: Info: Loading plugins...
2026-03-08 19:02:51: Info: Pager has been set to 'more.com'.
2026-03-08 19:02:51: Info: Pager has been set to 'more.com'.
2026-03-08 19:02:51: Warning: Using a password on the command line interface can be insecure.
2026-03-08 19:02:51: Info: About to connect to MySQL at: root@localhost:3306/postitulos
2026-03-08 19:02:51: Warning: Using a password on the command line interface can be insecure.
2026-03-08 19:02:51: Info: About to connect to MySQL at: root@localhost:3306/postitulos
2026-03-08 19:02:51: Info: Pager has been set to 'more.com'.
2026-03-08 19:02:51: Warning: Using a password on the command line interface can be insecure.
2026-03-08 19:02:51: Info: About to connect to MySQL at: root@localhost:3306/postitulos
2026-03-08 19:02:51: Info: Pager has been set to 'more.com'.
2026-03-08 19:02:51: Warning: Using a password on the command line interface can be insecure.
2026-03-08 19:02:51: Info: About to connect to MySQL at: root@localhost:3306/postitulos
2026-03-08 19:08:37: Info: Using credential store helper: C:\Program Files\MySQL\MySQL Shell 8.0\bin\mysql-secret-store-windows-credential.exe
2026-03-08 19:08:37: Info: Setting Python home to 'C:\Program Files\MySQL\MySQL Shell 8.0\lib\Python3.10'
2026-03-08 19:08:37: Info: Using credential store helper: C:\Program Files\MySQL\MySQL Shell 8.0\bin\mysql-secret-store-windows-credential.exe
2026-03-08 19:08:37: Info: Setting Python home to 'C:\Program Files\MySQL\MySQL Shell 8.0\lib\Python3.10'
2026-03-08 19:08:37: Info: Loading startup files...
2026-03-08 19:08:37: Info: Loading startup files...
2026-03-08 19:08:37: Info: Loading plugins...
2026-03-08 19:08:37: Info: Loading plugins...
2026-03-08 19:08:37: Info: Using credential store helper: C:\Program Files\MySQL\MySQL Shell 8.0\bin\mysql-secret-store-windows-credential.exe
2026-03-08 19:08:37: Info: Setting Python home to 'C:\Program Files\MySQL\MySQL Shell 8.0\lib\Python3.10'
2026-03-08 19:08:37: Info: Loading startup files...
2026-03-08 19:08:37: Info: Loading plugins...
2026-03-08 19:08:37: Info: Pager has been set to 'more.com'.
2026-03-08 19:08:37: Info: Pager has been set to 'more.com'.
2026-03-08 19:08:37: Warning: Using a password on the command line interface can be insecure.
2026-03-08 19:08:37: Warning: Using a password on the command line interface can be insecure.
2026-03-08 19:08:37: Info: About to connect to MySQL at: root@localhost:3306/postitulos
2026-03-08 19:08:38: Info: Pager has been set to 'more.com'.
2026-03-08 19:08:38: Warning: Using a password on the command line interface can be insecure.
2026-03-08 19:08:38: Info: About to connect to MySQL at: root@localhost:3306/postitulos
2026-03-08 19:08:39: Info: Using credential store helper: C:\Program Files\MySQL\MySQL Shell 8.0\bin\mysql-secret-store-windows-credential.exe
2026-03-08 19:08:39: Info: Setting Python home to 'C:\Program Files\MySQL\MySQL Shell 8.0\lib\Python3.10'
2026-03-08 19:08:39: Info: Loading startup files...
2026-03-08 19:08:39: Info: Loading plugins...
2026-03-08 19:08:44: Info: Pager has been set to 'more.com'.
2026-03-08 19:08:44: Warning: Using a password on the command line interface can be insecure.
2026-03-08 19:08:44: Info: About to connect to MySQL at: root@localhost:3306/postitulos
2026-03-08 19:09:18: Info: Using credential store helper: C:\Program Files\MySQL\MySQL Shell 8.0\bin\mysql-secret-store-windows-credential.exe
2026-03-08 19:09:18: Info: Setting Python home to 'C:\Program Files\MySQL\MySQL Shell 8.0\lib\Python3.10'
2026-03-08 19:09:18: Info: Using credential store helper: C:\Program Files\MySQL\MySQL Shell 8.0\bin\mysql-secret-store-windows-credential.exe
2026-03-08 19:09:18: Info: Setting Python home to 'C:\Program Files\MySQL\MySQL Shell 8.0\lib\Python3.10'
2026-03-08 19:09:19: Info: Loading startup files...
2026-03-08 19:09:19: Info: Loading plugins...
2026-03-08 19:09:19: Info: Loading startup files...
2026-03-08 19:09:19: Info: Loading plugins...
2026-03-08 19:09:19: Info: Pager has been set to 'more.com'.
2026-03-08 19:09:19: Info: Pager has been set to 'more.com'.
2026-03-08 19:09:19: Warning: Using a password on the command line interface can be insecure.
2026-03-08 19:09:19: Info: About to connect to MySQL at: root@localhost:3306/postitulos
2026-03-08 19:09:19: Warning: Using a password on the command line interface can be insecure.
2026-03-08 19:09:19: Info: About to connect to MySQL at: root@localhost:3306/postitulos
2026-03-08 19:09:31: Info: Using credential store helper: C:\Program Files\MySQL\MySQL Shell 8.0\bin\mysql-secret-store-windows-credential.exe
2026-03-08 19:09:31: Info: Setting Python home to 'C:\Program Files\MySQL\MySQL Shell 8.0\lib\Python3.10'
2026-03-08 19:09:31: Info: Loading startup files...
2026-03-08 19:09:31: Info: Loading plugins...
2026-03-08 19:09:32: Info: Pager has been set to 'more.com'.
2026-03-08 19:09:32: Warning: Using a password on the command line interface can be insecure.
2026-03-08 19:09:32: Info: About to connect to MySQL at: root@localhost:3306/postitulos
2026-03-08 21:01:59: Info: Using credential store helper: C:\Program Files\MySQL\MySQL Shell 8.0\bin\mysql-secret-store-windows-credential.exe
2026-03-08 21:01:59: Info: Using credential store helper: C:\Program Files\MySQL\MySQL Shell 8.0\bin\mysql-secret-store-windows-credential.exe
2026-03-08 21:01:59: Info: Setting Python home to 'C:\Program Files\MySQL\MySQL Shell 8.0\lib\Python3.10'
2026-03-08 21:01:59: Info: Setting Python home to 'C:\Program Files\MySQL\MySQL Shell 8.0\lib\Python3.10'
2026-03-08 21:01:59: Info: Loading startup files...
2026-03-08 21:01:59: Info: Loading startup files...
2026-03-08 21:01:59: Info: Loading plugins...
2026-03-08 21:01:59: Info: Loading plugins...
2026-03-08 21:02:00: Info: Pager has been set to 'more.com'.
2026-03-08 21:02:00: Info: Pager has been set to 'more.com'.
2026-03-08 21:02:00: Warning: Using a password on the command line interface can be insecure.
2026-03-08 21:02:00: Info: About to connect to MySQL at: root@localhost:3306/postitulos
2026-03-08 21:03:12: Info: Using credential store helper: C:\Program Files\MySQL\MySQL Shell 8.0\bin\mysql-secret-store-windows-credential.exe
2026-03-08 21:03:12: Info: Setting Python home to 'C:\Program Files\MySQL\MySQL Shell 8.0\lib\Python3.10'
2026-03-08 21:03:12: Info: Using credential store helper: C:\Program Files\MySQL\MySQL Shell 8.0\bin\mysql-secret-store-windows-credential.exe
2026-03-08 21:03:12: Info: Setting Python home to 'C:\Program Files\MySQL\MySQL Shell 8.0\lib\Python3.10'
2026-03-08 21:03:12: Info: Loading startup files...
2026-03-08 21:03:12: Info: Loading plugins...
2026-03-08 21:03:13: Info: Pager has been set to 'more.com'.
2026-03-08 21:03:13: Info: Pager has been set to 'more.com'.
2026-03-08 21:03:13: Warning: Using a password on the command line interface can be insecure.
2026-03-08 21:03:13: Info: About to connect to MySQL at: root@localhost:3306/postitulos
2026-03-08 21:03:13: Warning: Using a password on the command line interface can be insecure.
2026-03-08 21:03:13: Info: About to connect to MySQL at: root@localhost:3306/postitulos
2026-03-08 21:03:22: Info: Using credential store helper: C:\Program Files\MySQL\MySQL Shell 8.0\bin\mysql-secret-store-windows-credential.exe
2026-03-08 21:03:22: Info: Setting Python home to 'C:\Program Files\MySQL\MySQL Shell 8.0\lib\Python3.10'
2026-03-08 21:03:22: Info: Using credential store helper: C:\Program Files\MySQL\MySQL Shell 8.0\bin\mysql-secret-store-windows-credential.exe
2026-03-08 21:03:22: Info: Setting Python home to 'C:\Program Files\MySQL\MySQL Shell 8.0\lib\Python3.10'
2026-03-08 21:03:23: Info: Loading startup files...
2026-03-08 21:03:23: Info: Loading plugins...
2026-03-08 21:03:23: Info: Loading startup files...
2026-03-08 21:03:23: Info: Loading plugins...
2026-03-08 21:03:23: Info: Pager has been set to 'more.com'.
2026-03-08 21:03:23: Info: Pager has been set to 'more.com'.
2026-03-08 21:03:23: Warning: Using a password on the command line interface can be insecure.
2026-03-08 21:03:23: Info: About to connect to MySQL at: root@localhost:3306/postitulos
2026-03-08 21:03:23: Warning: Using a password on the command line interface can be insecure.
2026-03-08 21:03:23: Info: About to connect to MySQL at: root@localhost:3306/postitulos
2026-03-08 21:03:24: Info: Using credential store helper: C:\Program Files\MySQL\MySQL Shell 8.0\bin\mysql-secret-store-windows-credential.exe
2026-03-08 21:03:24: Info: Setting Python home to 'C:\Program Files\MySQL\MySQL Shell 8.0\lib\Python3.10'
2026-03-08 21:03:24: Info: Loading startup files...
2026-03-08 21:03:24: Info: Loading plugins...
2026-03-08 21:03:24: Info: Pager has been set to 'more.com'.
2026-03-08 21:03:24: Warning: Using a password on the command line interface can be insecure.
2026-03-08 21:03:24: Info: About to connect to MySQL at: root@localhost:3306/postitulos
2026-03-08 21:03:25: Info: Using credential store helper: C:\Program Files\MySQL\MySQL Shell 8.0\bin\mysql-secret-store-windows-credential.exe
2026-03-08 21:03:25: Info: Setting Python home to 'C:\Program Files\MySQL\MySQL Shell 8.0\lib\Python3.10'
2026-03-08 21:03:25: Info: Loading startup files...
2026-03-08 21:03:25: Info: Loading plugins...
2026-03-08 21:03:25: Info: Pager has been set to 'more.com'.
2026-03-08 21:03:25: Warning: Using a password on the command line interface can be insecure.
2026-03-08 21:03:25: Info: About to connect to MySQL at: root@localhost:3306/postitulos
2026-03-08 21:03:55: Info: Using credential store helper: C:\Program Files\MySQL\MySQL Shell 8.0\bin\mysql-secret-store-windows-credential.exe
2026-03-08 21:03:55: Info: Setting Python home to 'C:\Program Files\MySQL\MySQL Shell 8.0\lib\Python3.10'
2026-03-08 21:03:55: Info: Loading startup files...
2026-03-08 21:03:55: Info: Loading plugins...
2026-03-08 21:03:56: Info: Pager has been set to 'more.com'.
2026-03-08 21:03:56: Warning: Using a password on the command line interface can be insecure.
2026-03-08 21:03:56: Info: About to connect to MySQL at: root@localhost:3306/postitulos
2026-03-08 21:04:33: Info: Using credential store helper: C:\Program Files\MySQL\MySQL Shell 8.0\bin\mysql-secret-store-windows-credential.exe
2026-03-08 21:04:33: Info: Setting Python home to 'C:\Program Files\MySQL\MySQL Shell 8.0\lib\Python3.10'
2026-03-08 21:04:33: Info: Loading startup files...
2026-03-08 21:04:33: Info: Loading plugins...
2026-03-08 21:04:33: Info: Pager has been set to 'more.com'.
2026-03-08 21:04:33: Warning: Using a password on the command line interface can be insecure.
2026-03-08 21:04:33: Info: About to connect to MySQL at: root@localhost:3306/postitulos
2026-03-08 21:04:47: Info: Using credential store helper: C:\Program Files\MySQL\MySQL Shell 8.0\bin\mysql-secret-store-windows-credential.exe
2026-03-08 21:04:47: Info: Setting Python home to 'C:\Program Files\MySQL\MySQL Shell 8.0\lib\Python3.10'
2026-03-08 21:04:47: Info: Using credential store helper: C:\Program Files\MySQL\MySQL Shell 8.0\bin\mysql-secret-store-windows-credential.exe
2026-03-08 21:04:47: Info: Setting Python home to 'C:\Program Files\MySQL\MySQL Shell 8.0\lib\Python3.10'
2026-03-08 21:04:47: Info: Loading startup files...
2026-03-08 21:04:47: Info: Loading plugins...
2026-03-08 21:04:47: Info: Loading startup files...
2026-03-08 21:04:47: Info: Loading plugins...
2026-03-08 21:04:47: Info: Pager has been set to 'more.com'.
2026-03-08 21:04:47: Warning: Using a password on the command line interface can be insecure.
2026-03-08 21:04:47: Info: About to connect to MySQL at: root@localhost:3306/postitulos
2026-03-08 21:04:47: Info: Pager has been set to 'more.com'.
2026-03-08 21:04:47: Warning: Using a password on the command line interface can be insecure.
2026-03-08 21:04:47: Info: About to connect to MySQL at: root@localhost:3306/postitulos
2026-03-08 21:05:11: Info: Using credential store helper: C:\Program Files\MySQL\MySQL Shell 8.0\bin\mysql-secret-store-windows-credential.exe
2026-03-08 21:05:11: Info: Setting Python home to 'C:\Program Files\MySQL\MySQL Shell 8.0\lib\Python3.10'
2026-03-08 21:05:11: Info: Using credential store helper: C:\Program Files\MySQL\MySQL Shell 8.0\bin\mysql-secret-store-windows-credential.exe
2026-03-08 21:05:11: Info: Setting Python home to 'C:\Program Files\MySQL\MySQL Shell 8.0\lib\Python3.10'
2026-03-08 21:05:11: Info: Loading startup files...
2026-03-08 21:05:11: Info: Loading plugins...
2026-03-08 21:05:11: Info: Loading startup files...
2026-03-08 21:05:11: Info: Loading plugins...
2026-03-08 21:05:11: Info: Pager has been set to 'more.com'.
2026-03-08 21:05:11: Info: Pager has been set to 'more.com'.
2026-03-08 21:05:11: Warning: Using a password on the command line interface can be insecure.
2026-03-08 21:05:11: Info: About to connect to MySQL at: root@localhost:3306/postitulos
2026-03-08 21:05:11: Warning: Using a password on the command line interface can be insecure.
2026-03-08 21:05:11: Info: About to connect to MySQL at: root@localhost:3306/postitulos
